07/17/2024 02:20:06 PM Loading python code
07/17/2024 02:20:06 PM Try to execute next event...
07/17/2024 02:20:06 PM run method ---->   @class:Initialize.@method:eventsClass_Initialize_Condition
07/17/2024 02:20:06 PM Executing next event: Initialize
07/17/2024 02:20:06 PM run method ---->   @class:Initialize.@method:eventsClass_Initialize_Action
07/17/2024 02:20:06 PM MethodRuntimeException: Initialize An Exception in @class:Initialize during method @method:eventsClass_Initialize_Action
@class:Initialize
@method:eventsClass_Initialize_Action
'CustomList' object has no attribute '__object_name__'
07/17/2024 02:21:17 PM Loading python code
07/17/2024 02:21:17 PM MyObject = [None, None, None, None, None], <__main__.ArrayObject object at 0x7db6f34bfcd0>
07/17/2024 02:21:17 PM Try to execute next event...
07/17/2024 02:21:17 PM run method ---->   @class:Initialize.@method:eventsClass_Initialize_Condition
07/17/2024 02:21:17 PM Executing next event: Initialize
07/17/2024 02:21:17 PM run method ---->   @class:Initialize.@method:eventsClass_Initialize_Action
07/17/2024 02:21:17 PM MethodRuntimeException: Initialize An Exception in @class:Initialize during method @method:eventsClass_Initialize_Action
@class:Initialize
@method:eventsClass_Initialize_Action
'CustomList' object has no attribute '__object_name__'
07/17/2024 02:22:59 PM Loading python code
07/17/2024 02:22:59 PM MyObject = [None, None, None, None, None], <__main__.ArrayObject object at 0x73868453f9a0>
07/17/2024 02:22:59 PM Try to execute next event...
07/17/2024 02:22:59 PM run method ---->   @class:Initialize.@method:eventsClass_Initialize_Condition
07/17/2024 02:22:59 PM Executing next event: Initialize
07/17/2024 02:22:59 PM run method ---->   @class:Initialize.@method:eventsClass_Initialize_Action
07/17/2024 02:23:18 PM Loading python code
07/17/2024 02:23:18 PM Try to execute next event...
07/17/2024 02:23:18 PM run method ---->   @class:eventsClass_Initialize.@method:eventsClass_Initialize_Condition
07/17/2024 02:23:18 PM Executing next event: Initialize
07/17/2024 02:23:18 PM run method ---->   @class:eventsClass_Initialize.@method:eventsClass_Initialize_Action
07/17/2024 02:23:18 PM Try to execute next event...
07/17/2024 02:23:18 PM Loading python code
07/17/2024 02:23:18 PM Setting myArray[0][0] to "Array myArray set from myEvent Action method"
07/17/2024 02:23:18 PM Setting @object:MyObject.myArray(0, 0) to Array myArray set from myEvent Action method
07/17/2024 02:23:19 PM Loading python code
07/17/2024 02:23:19 PM Try to execute next event...
07/17/2024 02:23:19 PM run method ---->   @class:Initialize.@method:eventsClass_Initialize_Condition
07/17/2024 02:23:19 PM Executing next event: Initialize
07/17/2024 02:23:19 PM run method ---->   @class:Initialize.@method:eventsClass_Initialize_Action
07/17/2024 02:23:19 PM array[(0, 0)] = 00
07/17/2024 02:23:19 PM array[(0, 1)] = 01
07/17/2024 02:23:19 PM array[(1, 0)] = 10
07/17/2024 02:23:19 PM array[(1, 1)] = 11
07/17/2024 02:23:20 PM Loading python code
07/17/2024 02:23:20 PM MyObject = [None, None, None, None, None], <__main__.ArrayObject object at 0x755cd5be7d60>
07/17/2024 02:23:20 PM Try to execute next event...
07/17/2024 02:23:20 PM run method ---->   @class:Initialize.@method:eventsClass_Initialize_Condition
07/17/2024 02:23:20 PM Executing next event: Initialize
07/17/2024 02:23:20 PM run method ---->   @class:Initialize.@method:eventsClass_Initialize_Action
07/17/2024 02:23:39 PM Loading python code
07/17/2024 02:23:39 PM Try to execute next event...
07/17/2024 02:23:39 PM run method ---->   @class:eventsClass_Initialize.@method:eventsClass_Initialize_Condition
07/17/2024 02:23:39 PM Executing next event: Initialize
07/17/2024 02:23:39 PM run method ---->   @class:eventsClass_Initialize.@method:eventsClass_Initialize_Action
07/17/2024 02:23:39 PM Try to execute next event...
07/17/2024 02:23:39 PM Loading python code
07/17/2024 02:23:40 PM Setting myArray[0][0] to "Array myArray set from myEvent Action method"
07/17/2024 02:23:40 PM Setting @object:MyObject.myArray(0, 0) to Array myArray set from myEvent Action method
07/17/2024 02:23:40 PM Loading python code
07/17/2024 02:23:40 PM Try to execute next event...
07/17/2024 02:23:40 PM run method ---->   @class:Initialize.@method:eventsClass_Initialize_Condition
07/17/2024 02:23:40 PM Executing next event: Initialize
07/17/2024 02:23:40 PM run method ---->   @class:Initialize.@method:eventsClass_Initialize_Action
07/17/2024 02:23:40 PM array[(0, 0)] = 00
07/17/2024 02:23:40 PM array[(0, 1)] = 01
07/17/2024 02:23:40 PM array[(1, 0)] = 10
07/17/2024 02:23:40 PM array[(1, 1)] = 11
07/17/2024 02:23:42 PM Loading python code
07/17/2024 02:23:42 PM MyObject = [None, None, None, None, None], <__main__.ArrayObject object at 0x7d41e3ebfd60>
07/17/2024 02:23:42 PM Try to execute next event...
07/17/2024 02:23:42 PM run method ---->   @class:Initialize.@method:eventsClass_Initialize_Condition
07/17/2024 02:23:42 PM Executing next event: Initialize
07/17/2024 02:23:42 PM run method ---->   @class:Initialize.@method:eventsClass_Initialize_Action
07/17/2024 02:23:58 PM Loading python code
07/17/2024 02:23:58 PM Try to execute next event...
07/17/2024 02:23:58 PM run method ---->   @class:eventsClass_Initialize.@method:eventsClass_Initialize_Condition
07/17/2024 02:23:58 PM Executing next event: Initialize
07/17/2024 02:23:58 PM run method ---->   @class:eventsClass_Initialize.@method:eventsClass_Initialize_Action
07/17/2024 02:23:58 PM Try to execute next event...
07/17/2024 02:23:58 PM Loading python code
07/17/2024 02:23:58 PM Setting myArray[0][0] to "Array myArray set from myEvent Action method"
07/17/2024 02:23:58 PM Setting @object:MyObject.myArray(0, 0) to Array myArray set from myEvent Action method
07/17/2024 02:23:59 PM Loading python code
07/17/2024 02:23:59 PM Try to execute next event...
07/17/2024 02:23:59 PM run method ---->   @class:Initialize.@method:eventsClass_Initialize_Condition
07/17/2024 02:23:59 PM Executing next event: Initialize
07/17/2024 02:23:59 PM run method ---->   @class:Initialize.@method:eventsClass_Initialize_Action
07/17/2024 02:23:59 PM array[(0, 0)] = 00
07/17/2024 02:23:59 PM array[(0, 1)] = 01
07/17/2024 02:23:59 PM array[(1, 0)] = 10
07/17/2024 02:23:59 PM array[(1, 1)] = 11
07/17/2024 02:24:00 PM Loading python code
07/17/2024 02:24:00 PM MyObject = [None, None, None, None, None], <__main__.ArrayObject object at 0x70a965023d60>
07/17/2024 02:24:00 PM Try to execute next event...
07/17/2024 02:24:00 PM run method ---->   @class:Initialize.@method:eventsClass_Initialize_Condition
07/17/2024 02:24:00 PM Executing next event: Initialize
07/17/2024 02:24:00 PM run method ---->   @class:Initialize.@method:eventsClass_Initialize_Action
07/17/2024 02:25:23 PM Loading python code
07/17/2024 02:25:23 PM Try to execute next event...
07/17/2024 02:25:23 PM run method ---->   @class:eventsClass_Initialize.@method:eventsClass_Initialize_Condition
07/17/2024 02:25:23 PM Executing next event: Initialize
07/17/2024 02:25:23 PM run method ---->   @class:eventsClass_Initialize.@method:eventsClass_Initialize_Action
07/17/2024 02:25:23 PM Try to execute next event...
07/17/2024 02:25:23 PM Loading python code
07/17/2024 02:25:23 PM Setting myArray[0][0] to "Array myArray set from myEvent Action method"
07/17/2024 02:25:23 PM Setting @object:MyObject.myArray(0, 0) to Array myArray set from myEvent Action method
07/17/2024 02:25:24 PM Loading python code
07/17/2024 02:25:24 PM Try to execute next event...
07/17/2024 02:25:24 PM run method ---->   @class:Initialize.@method:eventsClass_Initialize_Condition
07/17/2024 02:25:24 PM Executing next event: Initialize
07/17/2024 02:25:24 PM run method ---->   @class:Initialize.@method:eventsClass_Initialize_Action
07/17/2024 02:25:24 PM array[(0, 0)] = 00
07/17/2024 02:25:24 PM array[(0, 1)] = 01
07/17/2024 02:25:24 PM array[(1, 0)] = 10
07/17/2024 02:25:24 PM array[(1, 1)] = 11
07/17/2024 02:25:25 PM Loading python code
07/17/2024 02:25:25 PM MyObject = [None, None, None, None, None], <__main__.ArrayObject object at 0x7795d958bd60>
07/17/2024 02:25:25 PM Try to execute next event...
07/17/2024 02:25:25 PM run method ---->   @class:Initialize.@method:eventsClass_Initialize_Condition
07/17/2024 02:25:25 PM Executing next event: Initialize
07/17/2024 02:25:25 PM run method ---->   @class:Initialize.@method:eventsClass_Initialize_Action
07/17/2024 02:25:40 PM Loading python code
07/17/2024 02:25:40 PM Try to execute next event...
07/17/2024 02:25:40 PM run method ---->   @class:eventsClass_Initialize.@method:eventsClass_Initialize_Condition
07/17/2024 02:25:40 PM Executing next event: Initialize
07/17/2024 02:25:40 PM run method ---->   @class:eventsClass_Initialize.@method:eventsClass_Initialize_Action
07/17/2024 02:25:40 PM Try to execute next event...
07/17/2024 02:25:41 PM Loading python code
07/17/2024 02:25:41 PM Setting myArray[0][0] to "Array myArray set from myEvent Action method"
07/17/2024 02:25:41 PM Setting @object:MyObject.myArray(0, 0) to Array myArray set from myEvent Action method
07/17/2024 02:25:41 PM Loading python code
07/17/2024 02:25:41 PM Try to execute next event...
07/17/2024 02:25:41 PM run method ---->   @class:Initialize.@method:eventsClass_Initialize_Condition
07/17/2024 02:25:41 PM Executing next event: Initialize
07/17/2024 02:25:41 PM run method ---->   @class:Initialize.@method:eventsClass_Initialize_Action
07/17/2024 02:25:41 PM array[(0, 0)] = 00
07/17/2024 02:25:41 PM array[(0, 1)] = 01
07/17/2024 02:25:41 PM array[(1, 0)] = 10
07/17/2024 02:25:41 PM array[(1, 1)] = 11
07/17/2024 02:25:43 PM Loading python code
07/17/2024 02:25:43 PM Try to execute next event...
07/17/2024 02:25:43 PM run method ---->   @class:Initialize.@method:eventsClass_Initialize_Condition
07/17/2024 02:25:43 PM Executing next event: Initialize
07/17/2024 02:25:43 PM run method ---->   @class:Initialize.@method:eventsClass_Initialize_Action
07/17/2024 02:25:50 PM Loading python code
07/17/2024 02:25:50 PM Try to execute next event...
07/17/2024 02:25:50 PM run method ---->   @class:eventsClass_Initialize.@method:eventsClass_Initialize_Condition
07/17/2024 02:25:50 PM Executing next event: Initialize
07/17/2024 02:25:50 PM run method ---->   @class:eventsClass_Initialize.@method:eventsClass_Initialize_Action
07/17/2024 02:25:50 PM Try to execute next event...
07/17/2024 02:25:50 PM Loading python code
07/17/2024 02:25:50 PM Setting myArray[0][0] to "Array myArray set from myEvent Action method"
07/17/2024 02:25:50 PM Setting @object:MyObject.myArray(0, 0) to Array myArray set from myEvent Action method
07/17/2024 02:25:51 PM Loading python code
07/17/2024 02:25:51 PM Try to execute next event...
07/17/2024 02:25:51 PM run method ---->   @class:Initialize.@method:eventsClass_Initialize_Condition
07/17/2024 02:25:51 PM Executing next event: Initialize
07/17/2024 02:25:51 PM run method ---->   @class:Initialize.@method:eventsClass_Initialize_Action
07/17/2024 02:25:51 PM array[(0, 0)] = 00
07/17/2024 02:25:51 PM array[(0, 1)] = 01
07/17/2024 02:25:51 PM array[(1, 0)] = 10
07/17/2024 02:25:51 PM array[(1, 1)] = 11
07/17/2024 02:25:52 PM Loading python code
07/17/2024 02:25:52 PM Try to execute next event...
07/17/2024 02:25:52 PM run method ---->   @class:Initialize.@method:eventsClass_Initialize_Condition
07/17/2024 02:25:52 PM Executing next event: Initialize
07/17/2024 02:25:52 PM run method ---->   @class:Initialize.@method:eventsClass_Initialize_Action
07/17/2024 02:30:30 PM Loading python code
07/17/2024 02:30:30 PM Try to execute next event...
07/17/2024 02:30:30 PM run method ---->   @class:eventsClass_Initialize.@method:eventsClass_Initialize_Condition
07/17/2024 02:30:30 PM Executing next event: Initialize
07/17/2024 02:30:30 PM run method ---->   @class:eventsClass_Initialize.@method:eventsClass_Initialize_Action
07/17/2024 02:30:30 PM Try to execute next event...
07/17/2024 02:30:30 PM Loading python code
07/17/2024 02:30:30 PM Setting myArray[0][0] to "Array myArray set from myEvent Action method"
07/17/2024 02:30:30 PM Setting @object:MyObject.myArray(0, 0) to Array myArray set from myEvent Action method
07/17/2024 02:30:31 PM Loading python code
07/17/2024 02:30:31 PM Try to execute next event...
07/17/2024 02:30:31 PM run method ---->   @class:Initialize.@method:eventsClass_Initialize_Condition
07/17/2024 02:30:31 PM Executing next event: Initialize
07/17/2024 02:30:31 PM run method ---->   @class:Initialize.@method:eventsClass_Initialize_Action
07/17/2024 02:30:31 PM Loading python code
07/17/2024 02:30:31 PM Try to execute next event...
07/17/2024 02:30:31 PM run method ---->   @class:Initialize.@method:eventsClass_Initialize_Condition
07/17/2024 02:30:31 PM Executing next event: Initialize
07/17/2024 02:30:31 PM run method ---->   @class:Initialize.@method:eventsClass_Initialize_Action
07/17/2024 02:30:31 PM array[(0, 0)] = 00
07/17/2024 02:30:31 PM array[(0, 1)] = 01
07/17/2024 02:30:31 PM array[(1, 0)] = 10
07/17/2024 02:30:31 PM array[(1, 1)] = 11
07/17/2024 02:30:32 PM Loading python code
07/17/2024 02:30:32 PM Try to execute next event...
07/17/2024 02:30:32 PM run method ---->   @class:Initialize.@method:eventsClass_Initialize_Condition
07/17/2024 02:30:32 PM Executing next event: Initialize
07/17/2024 02:30:32 PM run method ---->   @class:Initialize.@method:eventsClass_Initialize_Action
07/17/2024 02:35:30 PM Loading python code
07/17/2024 02:35:30 PM Try to execute next event...
07/17/2024 02:35:30 PM run method ---->   @class:eventsClass_Initialize.@method:eventsClass_Initialize_Condition
07/17/2024 02:35:30 PM Executing next event: Initialize
07/17/2024 02:35:30 PM run method ---->   @class:eventsClass_Initialize.@method:eventsClass_Initialize_Action
07/17/2024 02:35:30 PM Try to execute next event...
07/17/2024 02:35:30 PM Loading python code
07/17/2024 02:35:30 PM Setting myArray[0][0] to "Array myArray set from myEvent Action method"
07/17/2024 02:35:30 PM Setting @object:MyObject.myArray(0, 0) to Array myArray set from myEvent Action method
07/17/2024 02:35:30 PM Loading python code
07/17/2024 02:35:30 PM Try to execute next event...
07/17/2024 02:35:30 PM run method ---->   @class:Initialize.@method:eventsClass_Initialize_Condition
07/17/2024 02:35:30 PM Executing next event: Initialize
07/17/2024 02:35:30 PM run method ---->   @class:Initialize.@method:eventsClass_Initialize_Action
07/17/2024 02:35:30 PM Loading python code
07/17/2024 02:35:30 PM Try to execute next event...
07/17/2024 02:35:30 PM run method ---->   @class:Initialize.@method:eventsClass_Initialize_Condition
07/17/2024 02:35:30 PM Executing next event: Initialize
07/17/2024 02:35:30 PM run method ---->   @class:Initialize.@method:eventsClass_Initialize_Action
07/17/2024 02:35:30 PM array[(0, 0)] = 00
07/17/2024 02:35:30 PM array[(0, 1)] = 01
07/17/2024 02:35:30 PM array[(1, 0)] = 10
07/17/2024 02:35:30 PM array[(1, 1)] = 11
07/17/2024 02:35:31 PM Loading python code
07/17/2024 02:35:32 PM Loading python code
07/17/2024 02:35:32 PM Try to execute next event...
07/17/2024 02:35:32 PM run method ---->   @class:Initialize.@method:eventsClass_Initialize_Condition
07/17/2024 02:35:32 PM Executing next event: Initialize
07/17/2024 02:35:32 PM run method ---->   @class:Initialize.@method:eventsClass_Initialize_Action
07/17/2024 02:38:57 PM Loading python code
07/17/2024 02:38:57 PM Try to execute next event...
07/17/2024 02:38:57 PM run method ---->   @class:eventsClass_Initialize.@method:eventsClass_Initialize_Condition
07/17/2024 02:38:57 PM Executing next event: Initialize
07/17/2024 02:38:57 PM run method ---->   @class:eventsClass_Initialize.@method:eventsClass_Initialize_Action
07/17/2024 02:38:57 PM Try to execute next event...
07/17/2024 02:38:57 PM Loading python code
07/17/2024 02:38:57 PM Setting myArray[0][0] to "Array myArray set from myEvent Action method"
07/17/2024 02:38:57 PM Setting @object:MyObject.myArray(0, 0) to Array myArray set from myEvent Action method
07/17/2024 02:38:58 PM Loading python code
07/17/2024 02:38:58 PM Try to execute next event...
07/17/2024 02:38:58 PM run method ---->   @class:Initialize.@method:eventsClass_Initialize_Condition
07/17/2024 02:38:58 PM Executing next event: Initialize
07/17/2024 02:38:58 PM run method ---->   @class:Initialize.@method:eventsClass_Initialize_Action
07/17/2024 02:38:58 PM Loading python code
07/17/2024 02:38:58 PM Try to execute next event...
07/17/2024 02:38:58 PM run method ---->   @class:Initialize.@method:eventsClass_Initialize_Condition
07/17/2024 02:38:58 PM Executing next event: Initialize
07/17/2024 02:38:58 PM run method ---->   @class:Initialize.@method:eventsClass_Initialize_Action
07/17/2024 02:38:58 PM array[(0, 0)] = 00
07/17/2024 02:38:58 PM array[(0, 1)] = 01
07/17/2024 02:38:58 PM array[(1, 0)] = 10
07/17/2024 02:38:58 PM array[(1, 1)] = 11
07/17/2024 02:38:58 PM Loading python code
07/17/2024 02:38:59 PM Loading python code
07/17/2024 02:38:59 PM Try to execute next event...
07/17/2024 02:38:59 PM run method ---->   @class:Initialize.@method:eventsClass_Initialize_Condition
07/17/2024 02:38:59 PM Executing next event: Initialize
07/17/2024 02:38:59 PM run method ---->   @class:Initialize.@method:eventsClass_Initialize_Action
07/17/2024 02:39:57 PM Loading python code
07/17/2024 02:41:50 PM Loading python code
07/17/2024 02:41:50 PM Try to execute next event...
07/17/2024 02:41:50 PM run method ---->   @class:eventsClass_Initialize.@method:eventsClass_Initialize_Condition
07/17/2024 02:41:50 PM Executing next event: Initialize
07/17/2024 02:41:50 PM run method ---->   @class:eventsClass_Initialize.@method:eventsClass_Initialize_Action
07/17/2024 02:41:50 PM Try to execute next event...
07/17/2024 02:41:50 PM Loading python code
07/17/2024 02:41:50 PM Setting myArray[0][0] to "Array myArray set from myEvent Action method"
07/17/2024 02:41:50 PM Setting @object:MyObject.myArray(0, 0) to Array myArray set from myEvent Action method
07/17/2024 02:41:51 PM Loading python code
07/17/2024 02:41:51 PM Try to execute next event...
07/17/2024 02:41:51 PM run method ---->   @class:Initialize.@method:eventsClass_Initialize_Condition
07/17/2024 02:41:51 PM Executing next event: Initialize
07/17/2024 02:41:51 PM run method ---->   @class:Initialize.@method:eventsClass_Initialize_Action
07/17/2024 02:41:51 PM Loading python code
07/17/2024 02:41:51 PM Try to execute next event...
07/17/2024 02:41:51 PM run method ---->   @class:Initialize.@method:eventsClass_Initialize_Condition
07/17/2024 02:41:51 PM Executing next event: Initialize
07/17/2024 02:41:51 PM run method ---->   @class:Initialize.@method:eventsClass_Initialize_Action
07/17/2024 02:41:51 PM array[(0, 0)] = 00
07/17/2024 02:41:51 PM array[(0, 1)] = 01
07/17/2024 02:41:51 PM array[(1, 0)] = 10
07/17/2024 02:41:51 PM array[(1, 1)] = 11
07/17/2024 02:41:52 PM Loading python code
07/17/2024 02:41:52 PM Try to execute next event...
07/17/2024 02:41:52 PM run method ---->   @class:Initialize.@method:eventsClass_Initialize_Condition
07/17/2024 02:41:52 PM Executing next event: Initialize
07/17/2024 02:41:52 PM run method ---->   @class:Initialize.@method:eventsClass_Initialize_Action
07/17/2024 02:41:52 PM MethodRuntimeException: Initialize An Exception in @class:Initialize during method @method:eventsClass_Initialize_Action
@class:Initialize
@method:eventsClass_Initialize_Action
'Objects' object has no attribute 'c'
07/17/2024 02:41:52 PM Loading python code
07/17/2024 02:41:52 PM Try to execute next event...
07/17/2024 02:41:52 PM run method ---->   @class:Initialize.@method:eventsClass_Initialize_Condition
07/17/2024 02:41:52 PM Executing next event: Initialize
07/17/2024 02:41:52 PM run method ---->   @class:Initialize.@method:eventsClass_Initialize_Action
07/17/2024 02:43:00 PM Loading python code
07/17/2024 02:43:00 PM Try to execute next event...
07/17/2024 02:43:00 PM run method ---->   @class:Initialize.@method:eventsClass_Initialize_Condition
07/17/2024 02:43:00 PM Executing next event: Initialize
07/17/2024 02:43:00 PM run method ---->   @class:Initialize.@method:eventsClass_Initialize_Action
07/17/2024 02:43:00 PM MethodRuntimeException: Initialize An Exception in @class:Initialize during method @method:eventsClass_Initialize_Action
@class:Initialize
@method:eventsClass_Initialize_Action
'Objects' object has no attribute 'c'
07/17/2024 02:46:09 PM Loading python code
07/17/2024 02:46:09 PM Try to execute next event...
07/17/2024 02:46:09 PM run method ---->   @class:Initialize.@method:eventsClass_Initialize_Condition
07/17/2024 02:46:09 PM Executing next event: Initialize
07/17/2024 02:46:09 PM run method ---->   @class:Initialize.@method:eventsClass_Initialize_Action
07/17/2024 02:46:30 PM Loading python code
07/17/2024 02:46:30 PM Try to execute next event...
07/17/2024 02:46:30 PM run method ---->   @class:eventsClass_Initialize.@method:eventsClass_Initialize_Condition
07/17/2024 02:46:30 PM Executing next event: Initialize
07/17/2024 02:46:30 PM run method ---->   @class:eventsClass_Initialize.@method:eventsClass_Initialize_Action
07/17/2024 02:46:30 PM Try to execute next event...
07/17/2024 02:46:30 PM Loading python code
07/17/2024 02:46:30 PM Setting myArray[0][0] to "Array myArray set from myEvent Action method"
07/17/2024 02:46:30 PM Setting @object:MyObject.myArray(0, 0) to Array myArray set from myEvent Action method
07/17/2024 02:46:31 PM Loading python code
07/17/2024 02:46:31 PM Try to execute next event...
07/17/2024 02:46:31 PM run method ---->   @class:Initialize.@method:eventsClass_Initialize_Condition
07/17/2024 02:46:31 PM Executing next event: Initialize
07/17/2024 02:46:31 PM run method ---->   @class:Initialize.@method:eventsClass_Initialize_Action
07/17/2024 02:46:31 PM Loading python code
07/17/2024 02:46:31 PM Try to execute next event...
07/17/2024 02:46:31 PM run method ---->   @class:Initialize.@method:eventsClass_Initialize_Condition
07/17/2024 02:46:31 PM Executing next event: Initialize
07/17/2024 02:46:31 PM run method ---->   @class:Initialize.@method:eventsClass_Initialize_Action
07/17/2024 02:46:31 PM array[(0, 0)] = 00
07/17/2024 02:46:31 PM array[(0, 1)] = 01
07/17/2024 02:46:31 PM array[(1, 0)] = 10
07/17/2024 02:46:31 PM array[(1, 1)] = 11
07/17/2024 02:46:32 PM Loading python code
07/17/2024 02:46:32 PM Try to execute next event...
07/17/2024 02:46:32 PM run method ---->   @class:Initialize.@method:eventsClass_Initialize_Condition
07/17/2024 02:46:32 PM Executing next event: Initialize
07/17/2024 02:46:32 PM run method ---->   @class:Initialize.@method:eventsClass_Initialize_Action
07/17/2024 02:46:32 PM Loading python code
07/17/2024 02:46:32 PM Try to execute next event...
07/17/2024 02:46:32 PM run method ---->   @class:Initialize.@method:eventsClass_Initialize_Condition
07/17/2024 02:46:32 PM Executing next event: Initialize
07/17/2024 02:46:32 PM run method ---->   @class:Initialize.@method:eventsClass_Initialize_Action
07/17/2024 02:53:20 PM Loading python code
07/17/2024 02:53:20 PM Try to execute next event...
07/17/2024 02:53:20 PM run method ---->   @class:Initialize.@method:eventsClass_Initialize_Condition
07/17/2024 02:53:20 PM Executing next event: Initialize
07/17/2024 02:53:20 PM run method ---->   @class:Initialize.@method:eventsClass_Initialize_Action
07/17/2024 02:53:20 PM Loading python code
07/17/2024 02:53:20 PM Try to execute next event...
07/17/2024 02:53:20 PM run method ---->   @class:eventsClass_Initialize.@method:eventsClass_Initialize_Condition
07/17/2024 02:53:20 PM Executing next event: Initialize
07/17/2024 02:53:20 PM run method ---->   @class:eventsClass_Initialize.@method:eventsClass_Initialize_Action
07/17/2024 02:53:20 PM Try to execute next event...
07/17/2024 02:53:20 PM Loading python code
07/17/2024 02:53:20 PM Setting myArray[0][0] to "Array myArray set from myEvent Action method"
07/17/2024 02:53:20 PM Setting @object:MyObject.myArray(0, 0) to Array myArray set from myEvent Action method
07/17/2024 02:53:21 PM Loading python code
07/17/2024 02:53:21 PM Try to execute next event...
07/17/2024 02:53:21 PM run method ---->   @class:Initialize.@method:eventsClass_Initialize_Condition
07/17/2024 02:53:21 PM Executing next event: Initialize
07/17/2024 02:53:21 PM run method ---->   @class:Initialize.@method:eventsClass_Initialize_Action
07/17/2024 02:53:21 PM Loading python code
07/17/2024 02:53:21 PM Try to execute next event...
07/17/2024 02:53:21 PM run method ---->   @class:Initialize.@method:eventsClass_Initialize_Condition
07/17/2024 02:53:21 PM Executing next event: Initialize
07/17/2024 02:53:21 PM run method ---->   @class:Initialize.@method:eventsClass_Initialize_Action
07/17/2024 02:53:21 PM array[(0, 0)] = 00
07/17/2024 02:53:21 PM array[(0, 1)] = 01
07/17/2024 02:53:21 PM array[(1, 0)] = 10
07/17/2024 02:53:21 PM array[(1, 1)] = 11
07/17/2024 02:53:22 PM Loading python code
07/17/2024 02:53:22 PM Try to execute next event...
07/17/2024 02:53:22 PM run method ---->   @class:Initialize.@method:eventsClass_Initialize_Condition
07/17/2024 02:53:22 PM Executing next event: Initialize
07/17/2024 02:53:22 PM run method ---->   @class:Initialize.@method:eventsClass_Initialize_Action
07/17/2024 02:53:22 PM Loading python code
07/17/2024 02:53:22 PM Try to execute next event...
07/17/2024 02:53:22 PM run method ---->   @class:Initialize.@method:eventsClass_Initialize_Condition
07/17/2024 02:53:22 PM Executing next event: Initialize
07/17/2024 02:53:22 PM run method ---->   @class:Initialize.@method:eventsClass_Initialize_Action
07/17/2024 02:57:21 PM Loading python code
07/17/2024 02:57:21 PM Try to execute next event...
07/17/2024 02:57:21 PM run method ---->   @class:Initialize.@method:eventsClass_Initialize_Condition
07/17/2024 02:57:21 PM Executing next event: Initialize
07/17/2024 02:57:21 PM run method ---->   @class:Initialize.@method:eventsClass_Initialize_Action
07/17/2024 02:57:21 PM Loading python code
07/17/2024 02:57:21 PM Try to execute next event...
07/17/2024 02:57:21 PM run method ---->   @class:eventsClass_Initialize.@method:eventsClass_Initialize_Condition
07/17/2024 02:57:21 PM Executing next event: Initialize
07/17/2024 02:57:21 PM run method ---->   @class:eventsClass_Initialize.@method:eventsClass_Initialize_Action
07/17/2024 02:57:21 PM Try to execute next event...
07/17/2024 02:57:22 PM Loading python code
07/17/2024 02:57:22 PM Setting myArray[0][0] to "Array myArray set from myEvent Action method"
07/17/2024 02:57:22 PM Setting @object:MyObject.myArray(0, 0) to Array myArray set from myEvent Action method
07/17/2024 02:57:22 PM Loading python code
07/17/2024 02:57:22 PM Try to execute next event...
07/17/2024 02:57:22 PM run method ---->   @class:Initialize.@method:eventsClass_Initialize_Condition
07/17/2024 02:57:22 PM Executing next event: Initialize
07/17/2024 02:57:22 PM run method ---->   @class:Initialize.@method:eventsClass_Initialize_Action
07/17/2024 02:57:22 PM Loading python code
07/17/2024 02:57:22 PM Try to execute next event...
07/17/2024 02:57:22 PM run method ---->   @class:Initialize.@method:eventsClass_Initialize_Condition
07/17/2024 02:57:22 PM Executing next event: Initialize
07/17/2024 02:57:22 PM run method ---->   @class:Initialize.@method:eventsClass_Initialize_Action
07/17/2024 02:57:22 PM array[(0, 0)] = 00
07/17/2024 02:57:22 PM array[(0, 1)] = 01
07/17/2024 02:57:22 PM array[(1, 0)] = 10
07/17/2024 02:57:22 PM array[(1, 1)] = 11
07/17/2024 02:57:23 PM Loading python code
07/17/2024 02:57:23 PM Try to execute next event...
07/17/2024 02:57:23 PM run method ---->   @class:Initialize.@method:eventsClass_Initialize_Condition
07/17/2024 02:57:23 PM Executing next event: Initialize
07/17/2024 02:57:23 PM run method ---->   @class:Initialize.@method:eventsClass_Initialize_Action
07/17/2024 02:57:24 PM Loading python code
07/17/2024 02:57:24 PM Try to execute next event...
07/17/2024 02:57:24 PM run method ---->   @class:Initialize.@method:eventsClass_Initialize_Condition
07/17/2024 02:57:24 PM Executing next event: Initialize
07/17/2024 02:57:24 PM run method ---->   @class:Initialize.@method:eventsClass_Initialize_Action
07/17/2024 02:57:24 PM Loading python code
07/17/2024 02:57:24 PM Try to execute next event...
07/17/2024 02:57:24 PM run method ---->   @class:Initialize.@method:eventsClass_Initialize_Condition
07/17/2024 02:57:24 PM Executing next event: Initialize
07/17/2024 02:57:24 PM run method ---->   @class:Initialize.@method:eventsClass_Initialize_Action
07/17/2024 03:29:36 PM Loading python code
07/17/2024 03:29:36 PM Try to execute next event...
07/17/2024 03:29:36 PM run method ---->   @class:Initialize.@method:eventsClass_Initialize_Condition
07/17/2024 03:29:36 PM Executing next event: Initialize
07/17/2024 03:29:36 PM run method ---->   @class:Initialize.@method:eventsClass_Initialize_Action
07/17/2024 03:29:36 PM Loading python code
07/17/2024 03:29:36 PM Try to execute next event...
07/17/2024 03:29:36 PM run method ---->   @class:eventsClass_Initialize.@method:eventsClass_Initialize_Condition
07/17/2024 03:29:36 PM Executing next event: Initialize
07/17/2024 03:29:36 PM run method ---->   @class:eventsClass_Initialize.@method:eventsClass_Initialize_Action
07/17/2024 03:29:36 PM Try to execute next event...
07/17/2024 03:29:36 PM Loading python code
07/17/2024 03:29:36 PM Setting myArray[0][0] to "Array myArray set from myEvent Action method"
07/17/2024 03:29:36 PM Setting @object:MyObject.myArray(0, 0) to Array myArray set from myEvent Action method
07/17/2024 03:29:37 PM Loading python code
07/17/2024 03:29:37 PM Try to execute next event...
07/17/2024 03:29:37 PM run method ---->   @class:Initialize.@method:eventsClass_Initialize_Condition
07/17/2024 03:29:37 PM Executing next event: Initialize
07/17/2024 03:29:37 PM run method ---->   @class:Initialize.@method:eventsClass_Initialize_Action
07/17/2024 03:29:37 PM Loading python code
07/17/2024 03:29:37 PM Try to execute next event...
07/17/2024 03:29:37 PM run method ---->   @class:Initialize.@method:eventsClass_Initialize_Condition
07/17/2024 03:29:37 PM Executing next event: Initialize
07/17/2024 03:29:37 PM run method ---->   @class:Initialize.@method:eventsClass_Initialize_Action
07/17/2024 03:29:37 PM array[(0, 0)] = 00
07/17/2024 03:29:37 PM array[(0, 1)] = 01
07/17/2024 03:29:37 PM array[(1, 0)] = 10
07/17/2024 03:29:37 PM array[(1, 1)] = 11
07/17/2024 03:29:38 PM Loading python code
07/17/2024 03:29:38 PM Try to execute next event...
07/17/2024 03:29:38 PM run method ---->   @class:Initialize.@method:eventsClass_Initialize_Condition
07/17/2024 03:29:38 PM Executing next event: Initialize
07/17/2024 03:29:38 PM run method ---->   @class:Initialize.@method:eventsClass_Initialize_Action
07/17/2024 03:29:38 PM Loading python code
07/17/2024 03:29:38 PM Try to execute next event...
07/17/2024 03:29:38 PM run method ---->   @class:Initialize.@method:eventsClass_Initialize_Condition
07/17/2024 03:29:38 PM Executing next event: Initialize
07/17/2024 03:29:38 PM run method ---->   @class:Initialize.@method:eventsClass_Initialize_Action
07/17/2024 03:29:38 PM Loading python code
07/17/2024 03:29:38 PM Try to execute next event...
07/17/2024 03:29:38 PM run method ---->   @class:Initialize.@method:eventsClass_Initialize_Condition
07/17/2024 03:29:38 PM Executing next event: Initialize
07/17/2024 03:29:38 PM run method ---->   @class:Initialize.@method:eventsClass_Initialize_Action
07/17/2024 03:30:56 PM Loading python code
07/17/2024 03:30:56 PM Try to execute next event...
07/17/2024 03:30:56 PM run method ---->   @class:Initialize.@method:eventsClass_Initialize_Condition
07/17/2024 03:30:56 PM Executing next event: Initialize
07/17/2024 03:30:56 PM run method ---->   @class:Initialize.@method:eventsClass_Initialize_Action
07/17/2024 03:30:56 PM Loading python code
07/17/2024 03:30:56 PM Try to execute next event...
07/17/2024 03:30:56 PM run method ---->   @class:eventsClass_Initialize.@method:eventsClass_Initialize_Condition
07/17/2024 03:30:56 PM Executing next event: Initialize
07/17/2024 03:30:56 PM run method ---->   @class:eventsClass_Initialize.@method:eventsClass_Initialize_Action
07/17/2024 03:30:56 PM Try to execute next event...
07/17/2024 03:30:57 PM Loading python code
07/17/2024 03:30:57 PM Setting myArray[0][0] to "Array myArray set from myEvent Action method"
07/17/2024 03:30:57 PM Setting @object:MyObject.myArray(0, 0) to Array myArray set from myEvent Action method
07/17/2024 03:30:57 PM Loading python code
07/17/2024 03:30:57 PM Try to execute next event...
07/17/2024 03:30:57 PM run method ---->   @class:Initialize.@method:eventsClass_Initialize_Condition
07/17/2024 03:30:57 PM Executing next event: Initialize
07/17/2024 03:30:57 PM run method ---->   @class:Initialize.@method:eventsClass_Initialize_Action
07/17/2024 03:30:57 PM Loading python code
07/17/2024 03:30:57 PM Try to execute next event...
07/17/2024 03:30:57 PM run method ---->   @class:Initialize.@method:eventsClass_Initialize_Condition
07/17/2024 03:30:57 PM Executing next event: Initialize
07/17/2024 03:30:57 PM run method ---->   @class:Initialize.@method:eventsClass_Initialize_Action
07/17/2024 03:30:57 PM array[(0, 0)] = 00
07/17/2024 03:30:57 PM array[(0, 1)] = 01
07/17/2024 03:30:57 PM array[(1, 0)] = 10
07/17/2024 03:30:57 PM array[(1, 1)] = 11
07/17/2024 03:30:58 PM Loading python code
07/17/2024 03:30:58 PM Try to execute next event...
07/17/2024 03:30:58 PM run method ---->   @class:Initialize.@method:eventsClass_Initialize_Condition
07/17/2024 03:30:58 PM Executing next event: Initialize
07/17/2024 03:30:58 PM run method ---->   @class:Initialize.@method:eventsClass_Initialize_Action
07/17/2024 03:30:59 PM Loading python code
07/17/2024 03:30:59 PM Try to execute next event...
07/17/2024 03:30:59 PM run method ---->   @class:Initialize.@method:eventsClass_Initialize_Condition
07/17/2024 03:30:59 PM Executing next event: Initialize
07/17/2024 03:30:59 PM run method ---->   @class:Initialize.@method:eventsClass_Initialize_Action
07/17/2024 03:30:59 PM Loading python code
07/17/2024 03:30:59 PM Try to execute next event...
07/17/2024 03:30:59 PM run method ---->   @class:Initialize.@method:eventsClass_Initialize_Condition
07/17/2024 03:30:59 PM Executing next event: Initialize
07/17/2024 03:30:59 PM run method ---->   @class:Initialize.@method:eventsClass_Initialize_Action
07/17/2024 04:18:39 PM Loading python code
07/17/2024 04:19:25 PM Loading python code
07/17/2024 04:20:01 PM Loading python code
07/17/2024 04:20:08 PM Try to execute next event...
07/17/2024 04:20:08 PM run method ---->   @class:Initialize.@method:eventsClass_Initialize_Condition
07/17/2024 04:20:08 PM Executing next event: Initialize
07/17/2024 04:20:08 PM run method ---->   @class:Initialize.@method:eventsClass_Initialize_Action
07/17/2024 04:20:08 PM Try to execute next event...
07/17/2024 04:20:08 PM Try to execute next event...
07/17/2024 04:20:08 PM Try to execute next event...
07/17/2024 04:20:08 PM Try to execute next event...
07/17/2024 04:20:08 PM Try to execute next event...
07/17/2024 04:20:08 PM Try to execute next event...
07/17/2024 04:20:08 PM Try to execute next event...
07/17/2024 05:23:57 PM Loading python code
07/17/2024 05:23:57 PM Try to execute next event...
07/17/2024 05:23:57 PM run method ---->   @class:Initialize.@method:eventsClass_Initialize_Condition
07/17/2024 05:23:57 PM Executing next event: Initialize
07/17/2024 05:23:57 PM run method ---->   @class:Initialize.@method:eventsClass_Initialize_Action
07/17/2024 05:23:57 PM Loading python code
07/17/2024 05:23:57 PM Try to execute next event...
07/17/2024 05:23:57 PM run method ---->   @class:eventsClass_Initialize.@method:eventsClass_Initialize_Condition
07/17/2024 05:23:57 PM Executing next event: Initialize
07/17/2024 05:23:57 PM run method ---->   @class:eventsClass_Initialize.@method:eventsClass_Initialize_Action
07/17/2024 05:23:57 PM Try to execute next event...
07/17/2024 05:23:57 PM Loading python code
07/17/2024 05:23:58 PM Setting myArray[0][0] to "Array myArray set from myEvent Action method"
07/17/2024 05:23:58 PM Setting @object:MyObject.myArray(0, 0) to Array myArray set from myEvent Action method
07/17/2024 05:23:58 PM Loading python code
07/17/2024 05:23:58 PM Try to execute next event...
07/17/2024 05:23:58 PM run method ---->   @class:Initialize.@method:eventsClass_Initialize_Condition
07/17/2024 05:23:58 PM Executing next event: Initialize
07/17/2024 05:23:58 PM run method ---->   @class:Initialize.@method:eventsClass_Initialize_Action
07/17/2024 05:23:58 PM Loading python code
07/17/2024 05:23:58 PM Try to execute next event...
07/17/2024 05:23:58 PM run method ---->   @class:Initialize.@method:eventsClass_Initialize_Condition
07/17/2024 05:23:58 PM Executing next event: Initialize
07/17/2024 05:23:58 PM run method ---->   @class:Initialize.@method:eventsClass_Initialize_Action
07/17/2024 05:23:58 PM array[(0, 0)] = 00
07/17/2024 05:23:58 PM array[(0, 1)] = 01
07/17/2024 05:23:58 PM array[(1, 0)] = 10
07/17/2024 05:23:58 PM array[(1, 1)] = 11
07/17/2024 05:23:59 PM Loading python code
07/17/2024 05:23:59 PM Try to execute next event...
07/17/2024 05:23:59 PM run method ---->   @class:Initialize.@method:eventsClass_Initialize_Condition
07/17/2024 05:23:59 PM Executing next event: Initialize
07/17/2024 05:23:59 PM run method ---->   @class:Initialize.@method:eventsClass_Initialize_Action
07/17/2024 05:24:00 PM Loading python code
07/17/2024 05:24:00 PM Try to execute next event...
07/17/2024 05:24:00 PM run method ---->   @class:Initialize.@method:eventsClass_Initialize_Condition
07/17/2024 05:24:00 PM Executing next event: Initialize
07/17/2024 05:24:00 PM run method ---->   @class:Initialize.@method:eventsClass_Initialize_Action
07/17/2024 05:24:00 PM Loading python code
07/17/2024 05:24:00 PM Try to execute next event...
07/17/2024 05:24:00 PM run method ---->   @class:Initialize.@method:eventsClass_Initialize_Condition
07/17/2024 05:24:00 PM Executing next event: Initialize
07/17/2024 05:24:00 PM run method ---->   @class:Initialize.@method:eventsClass_Initialize_Action
07/17/2024 05:54:10 PM Loading python code
07/17/2024 05:54:10 PM Try to execute next event...
07/17/2024 05:54:10 PM run method ---->   @class:Initialize.@method:eventsClass_Initialize_Condition
07/17/2024 05:54:10 PM Executing next event: Initialize
07/17/2024 05:54:10 PM run method ---->   @class:Initialize.@method:eventsClass_Initialize_Action
07/17/2024 05:54:11 PM Loading python code
07/17/2024 05:54:11 PM Try to execute next event...
07/17/2024 05:54:11 PM run method ---->   @class:eventsClass_Initialize.@method:eventsClass_Initialize_Condition
07/17/2024 05:54:11 PM Executing next event: Initialize
07/17/2024 05:54:11 PM run method ---->   @class:eventsClass_Initialize.@method:eventsClass_Initialize_Action
07/17/2024 05:54:11 PM Try to execute next event...
07/17/2024 05:54:11 PM Loading python code
07/17/2024 05:54:11 PM Setting myArray[0][0] to "Array myArray set from myEvent Action method"
07/17/2024 05:54:11 PM Setting @object:MyObject.myArray(0, 0) to Array myArray set from myEvent Action method
07/17/2024 05:54:12 PM Loading python code
07/17/2024 05:54:12 PM Try to execute next event...
07/17/2024 05:54:12 PM run method ---->   @class:Initialize.@method:eventsClass_Initialize_Condition
07/17/2024 05:54:12 PM Executing next event: Initialize
07/17/2024 05:54:12 PM run method ---->   @class:Initialize.@method:eventsClass_Initialize_Action
07/17/2024 05:54:12 PM Loading python code
07/17/2024 05:54:12 PM Try to execute next event...
07/17/2024 05:54:12 PM run method ---->   @class:Initialize.@method:eventsClass_Initialize_Condition
07/17/2024 05:54:12 PM Executing next event: Initialize
07/17/2024 05:54:12 PM run method ---->   @class:Initialize.@method:eventsClass_Initialize_Action
07/17/2024 05:54:12 PM array[(0, 0)] = 00
07/17/2024 05:54:12 PM array[(0, 1)] = 01
07/17/2024 05:54:12 PM array[(1, 0)] = 10
07/17/2024 05:54:12 PM array[(1, 1)] = 11
07/17/2024 05:54:12 PM Loading python code
07/17/2024 05:54:12 PM Try to execute next event...
07/17/2024 05:54:12 PM run method ---->   @class:Initialize.@method:eventsClass_Initialize_Condition
07/17/2024 05:54:12 PM Executing next event: Initialize
07/17/2024 05:54:12 PM run method ---->   @class:Initialize.@method:eventsClass_Initialize_Action
07/17/2024 05:54:13 PM Loading python code
07/17/2024 05:54:13 PM Try to execute next event...
07/17/2024 05:54:13 PM run method ---->   @class:Initialize.@method:eventsClass_Initialize_Condition
07/17/2024 05:54:13 PM Executing next event: Initialize
07/17/2024 05:54:13 PM run method ---->   @class:Initialize.@method:eventsClass_Initialize_Action
07/17/2024 05:54:13 PM Loading python code
07/17/2024 05:54:13 PM Try to execute next event...
07/17/2024 05:54:13 PM run method ---->   @class:Initialize.@method:eventsClass_Initialize_Condition
07/17/2024 05:54:13 PM Executing next event: Initialize
07/17/2024 05:54:13 PM run method ---->   @class:Initialize.@method:eventsClass_Initialize_Action
07/17/2024 06:18:39 PM Loading python code
07/17/2024 06:18:40 PM Try to execute next event...
07/17/2024 06:18:40 PM run method ---->   @class:Initialize.@method:eventsClass_Initialize_Condition
07/17/2024 06:18:40 PM Executing next event: Initialize
07/17/2024 06:18:40 PM run method ---->   @class:Initialize.@method:eventsClass_Initialize_Action
07/17/2024 06:18:40 PM Loading python code
07/17/2024 06:18:41 PM Try to execute next event...
07/17/2024 06:18:41 PM run method ---->   @class:eventsClass_Initialize.@method:eventsClass_Initialize_Condition
07/17/2024 06:18:41 PM Executing next event: Initialize
07/17/2024 06:18:41 PM run method ---->   @class:eventsClass_Initialize.@method:eventsClass_Initialize_Action
07/17/2024 06:18:41 PM Try to execute next event...
07/17/2024 06:18:42 PM Loading python code
07/17/2024 06:18:42 PM Setting myArray[0][0] to "Array myArray set from myEvent Action method"
07/17/2024 06:18:42 PM Setting @object:MyObject.myArray(0, 0) to Array myArray set from myEvent Action method
07/17/2024 06:18:42 PM Loading python code
07/17/2024 06:18:42 PM Try to execute next event...
07/17/2024 06:18:42 PM run method ---->   @class:Initialize.@method:eventsClass_Initialize_Condition
07/17/2024 06:18:42 PM Executing next event: Initialize
07/17/2024 06:18:42 PM run method ---->   @class:Initialize.@method:eventsClass_Initialize_Action
07/17/2024 06:18:42 PM Loading python code
07/17/2024 06:18:42 PM Try to execute next event...
07/17/2024 06:18:42 PM run method ---->   @class:Initialize.@method:eventsClass_Initialize_Condition
07/17/2024 06:18:42 PM Executing next event: Initialize
07/17/2024 06:18:42 PM run method ---->   @class:Initialize.@method:eventsClass_Initialize_Action
07/17/2024 06:18:42 PM array[(0, 0)] = 00
07/17/2024 06:18:42 PM array[(0, 1)] = 01
07/17/2024 06:18:42 PM array[(1, 0)] = 10
07/17/2024 06:18:42 PM array[(1, 1)] = 11
07/17/2024 06:18:43 PM Loading python code
07/17/2024 06:18:43 PM Try to execute next event...
07/17/2024 06:18:43 PM run method ---->   @class:Initialize.@method:eventsClass_Initialize_Condition
07/17/2024 06:18:43 PM Executing next event: Initialize
07/17/2024 06:18:43 PM run method ---->   @class:Initialize.@method:eventsClass_Initialize_Action
07/17/2024 06:18:44 PM Loading python code
07/17/2024 06:18:44 PM Try to execute next event...
07/17/2024 06:18:44 PM run method ---->   @class:Initialize.@method:eventsClass_Initialize_Condition
07/17/2024 06:18:44 PM Executing next event: Initialize
07/17/2024 06:18:44 PM run method ---->   @class:Initialize.@method:eventsClass_Initialize_Action
07/17/2024 06:18:44 PM Loading python code
07/17/2024 06:18:44 PM Try to execute next event...
07/17/2024 06:18:44 PM run method ---->   @class:Initialize.@method:eventsClass_Initialize_Condition
07/17/2024 06:18:44 PM Executing next event: Initialize
07/17/2024 06:18:44 PM run method ---->   @class:Initialize.@method:eventsClass_Initialize_Action
07/17/2024 06:18:59 PM Loading python code
07/17/2024 06:18:59 PM Try to execute next event...
07/17/2024 06:18:59 PM run method ---->   @class:Initialize.@method:eventsClass_Initialize_Condition
07/17/2024 06:18:59 PM Executing next event: Initialize
07/17/2024 06:18:59 PM run method ---->   @class:Initialize.@method:eventsClass_Initialize_Action
07/17/2024 06:18:59 PM Loading python code
07/17/2024 06:18:59 PM Try to execute next event...
07/17/2024 06:18:59 PM run method ---->   @class:eventsClass_Initialize.@method:eventsClass_Initialize_Condition
07/17/2024 06:18:59 PM Executing next event: Initialize
07/17/2024 06:18:59 PM run method ---->   @class:eventsClass_Initialize.@method:eventsClass_Initialize_Action
07/17/2024 06:18:59 PM Try to execute next event...
07/17/2024 06:19:00 PM Loading python code
07/17/2024 06:19:00 PM Setting myArray[0][0] to "Array myArray set from myEvent Action method"
07/17/2024 06:19:00 PM Setting @object:MyObject.myArray(0, 0) to Array myArray set from myEvent Action method
07/17/2024 06:19:04 PM Loading python code
07/17/2024 06:19:06 PM Try to execute next event...
07/17/2024 06:19:06 PM run method ---->   @class:Initialize.@method:eventsClass_Initialize_Condition
07/17/2024 06:19:06 PM Executing next event: Initialize
07/17/2024 06:19:06 PM run method ---->   @class:Initialize.@method:eventsClass_Initialize_Action
07/17/2024 06:19:08 PM Loading python code
07/17/2024 06:19:09 PM Try to execute next event...
07/17/2024 06:19:09 PM run method ---->   @class:Initialize.@method:eventsClass_Initialize_Condition
07/17/2024 06:19:09 PM Executing next event: Initialize
07/17/2024 06:19:09 PM run method ---->   @class:Initialize.@method:eventsClass_Initialize_Action
07/17/2024 06:19:09 PM array[(0, 0)] = 00
07/17/2024 06:19:09 PM array[(0, 1)] = 01
07/17/2024 06:19:09 PM array[(1, 0)] = 10
07/17/2024 06:19:09 PM array[(1, 1)] = 11
07/17/2024 06:19:10 PM Loading python code
07/17/2024 06:19:10 PM Try to execute next event...
07/17/2024 06:19:10 PM run method ---->   @class:Initialize.@method:eventsClass_Initialize_Condition
07/17/2024 06:19:10 PM Executing next event: Initialize
07/17/2024 06:19:10 PM run method ---->   @class:Initialize.@method:eventsClass_Initialize_Action
07/17/2024 06:19:10 PM Loading python code
07/17/2024 06:19:10 PM Try to execute next event...
07/17/2024 06:19:10 PM run method ---->   @class:Initialize.@method:eventsClass_Initialize_Condition
07/17/2024 06:19:10 PM Executing next event: Initialize
07/17/2024 06:19:10 PM run method ---->   @class:Initialize.@method:eventsClass_Initialize_Action
07/17/2024 06:19:10 PM Loading python code
07/17/2024 06:19:10 PM Try to execute next event...
07/17/2024 06:19:10 PM run method ---->   @class:Initialize.@method:eventsClass_Initialize_Condition
07/17/2024 06:19:10 PM Executing next event: Initialize
07/17/2024 06:19:10 PM run method ---->   @class:Initialize.@method:eventsClass_Initialize_Action
07/17/2024 07:41:11 PM Loading python code
07/17/2024 07:41:11 PM Try to execute next event...
07/17/2024 07:41:11 PM run method ---->   @class:Initialize.@method:eventsClass_Initialize_Condition
07/17/2024 07:41:11 PM Executing next event: Initialize
07/17/2024 07:41:11 PM run method ---->   @class:Initialize.@method:eventsClass_Initialize_Action
07/17/2024 07:41:11 PM Loading python code
07/17/2024 07:41:11 PM Try to execute next event...
07/17/2024 07:41:11 PM run method ---->   @class:eventsClass_Initialize.@method:eventsClass_Initialize_Condition
07/17/2024 07:41:11 PM Executing next event: Initialize
07/17/2024 07:41:11 PM run method ---->   @class:eventsClass_Initialize.@method:eventsClass_Initialize_Action
07/17/2024 07:41:11 PM Try to execute next event...
07/17/2024 07:41:12 PM Loading python code
07/17/2024 07:41:12 PM Setting myArray[0][0] to "Array myArray set from myEvent Action method"
07/17/2024 07:41:12 PM Setting @object:MyObject.myArray(0, 0) to Array myArray set from myEvent Action method
07/17/2024 07:41:14 PM Loading python code
07/17/2024 07:41:15 PM Try to execute next event...
07/17/2024 07:41:15 PM run method ---->   @class:Initialize.@method:eventsClass_Initialize_Condition
07/17/2024 07:41:15 PM Executing next event: Initialize
07/17/2024 07:41:15 PM run method ---->   @class:Initialize.@method:eventsClass_Initialize_Action
07/17/2024 07:41:15 PM Loading python code
07/17/2024 07:41:15 PM Try to execute next event...
07/17/2024 07:41:15 PM run method ---->   @class:Initialize.@method:eventsClass_Initialize_Condition
07/17/2024 07:41:15 PM Executing next event: Initialize
07/17/2024 07:41:15 PM run method ---->   @class:Initialize.@method:eventsClass_Initialize_Action
07/17/2024 07:41:15 PM array[(0, 0)] = 00
07/17/2024 07:41:15 PM array[(0, 1)] = 01
07/17/2024 07:41:15 PM array[(1, 0)] = 10
07/17/2024 07:41:15 PM array[(1, 1)] = 11
07/17/2024 07:41:16 PM Loading python code
07/17/2024 07:41:16 PM Try to execute next event...
07/17/2024 07:41:16 PM run method ---->   @class:Initialize.@method:eventsClass_Initialize_Condition
07/17/2024 07:41:16 PM Executing next event: Initialize
07/17/2024 07:41:16 PM run method ---->   @class:Initialize.@method:eventsClass_Initialize_Action
07/17/2024 07:41:16 PM Loading python code
07/17/2024 07:41:16 PM Try to execute next event...
07/17/2024 07:41:16 PM run method ---->   @class:Initialize.@method:eventsClass_Initialize_Condition
07/17/2024 07:41:16 PM Executing next event: Initialize
07/17/2024 07:41:16 PM run method ---->   @class:Initialize.@method:eventsClass_Initialize_Action
07/17/2024 07:41:16 PM Loading python code
07/17/2024 07:41:17 PM Try to execute next event...
07/17/2024 07:41:17 PM run method ---->   @class:Initialize.@method:eventsClass_Initialize_Condition
07/17/2024 07:41:17 PM Executing next event: Initialize
07/17/2024 07:41:17 PM run method ---->   @class:Initialize.@method:eventsClass_Initialize_Action
